<?xml version="1.0" encoding="UTF-8"?>
<!-- Generated by org.testng.reporters.JUnitReportReporter -->
<testsuite hostname="DESKTOP-FV7QQA3" failures="0" tests="6" name="api.test.DDTests" time="6.744" errors="0" timestamp="2024-04-24T17:12:57 IST" skipped="0">
  <testcase classname="api.test.DDTests" name="testPostuser" time="1.137"/>
  <system-out/>
  <testcase classname="api.test.DDTests" name="testPostuser" time="1.133"/>
  <system-out/>
  <testcase classname="api.test.DDTests" name="testPostuser" time="1.103"/>
  <system-out/>
  <testcase classname="api.test.DDTests" name="testDeleteUserByName" time="1.127"/>
  <system-out/>
  <testcase classname="api.test.DDTests" name="testDeleteUserByName" time="1.142"/>
  <system-out/>
  <testcase classname="api.test.DDTests" name="testDeleteUserByName" time="1.102"/>
  <system-out/>
</testsuite> <!-- api.test.DDTests -->
