<?xml version="1.0" encoding="UTF-8"?>
<!-- Generated by org.testng.reporters.JUnitReportReporter -->
<testsuite hostname="DESKTOP-FV7QQA3" failures="0" tests="1" name="chaining.DeleteUser" time="0.379" errors="0" timestamp="2024-04-19T16:25:26 IST" skipped="0">
  <testcase classname="chaining.DeleteUser" name="deleteUser" time="0.379"/>
  <system-out/>
</testsuite> <!-- chaining.DeleteUser -->
