<?xml version="1.0" encoding="UTF-8"?>
<!-- Generated by org.testng.reporters.JUnitReportReporter -->
<testsuite hostname="DESKTOP-FV7QQA3" failures="0" tests="1" name="apiTest.Dif_WayToCreate_PostRequestBody" time="2.845" errors="0" timestamp="2024-04-19T15:09:42 IST" skipped="0">
  <testcase classname="apiTest.Dif_WayToCreate_PostRequestBody" name="testpost_using_hashmap" time="2.845"/>
  <system-out/>
</testsuite> <!-- apiTest.Dif_WayToCreate_PostRequestBody -->
