<?xml version="1.0" encoding="UTF-8"?>
<!-- Generated by org.testng.reporters.JUnitReportReporter -->
<testsuite hostname="DESKTOP-FV7QQA3" failures="0" tests="4" name="api.test.UserTests" time="7.510" errors="0" timestamp="2024-04-24T17:12:57 IST" skipped="0">
  <testcase classname="api.test.UserTests" name="testPostUser" time="2.856"/>
  <system-out/>
  <testcase classname="api.test.UserTests" name="testGetUserByName" time="1.205"/>
  <system-out/>
  <testcase classname="api.test.UserTests" name="testUpdateUserByName" time="2.281"/>
  <system-out/>
  <testcase classname="api.test.UserTests" name="testDeleteUserByName" time="1.168"/>
  <system-out/>
</testsuite> <!-- api.test.UserTests -->
