<?xml version="1.0" encoding="UTF-8"?>
<!-- Generated by org.testng.reporters.JUnitReportReporter -->
<testsuite hostname="DESKTOP-FV7QQA3" failures="0" tests="4" name="apiTest.Http_Request" time="4.194" errors="0" timestamp="2024-04-19T16:07:08 IST" skipped="0">
  <testcase classname="apiTest.Http_Request" name="getusers" time="2.705"/>
  <system-out/>
  <testcase classname="apiTest.Http_Request" name="createUser" time="0.766"/>
  <system-out/>
  <testcase classname="apiTest.Http_Request" name="updateUser" time="0.369"/>
  <system-out/>
  <testcase classname="apiTest.Http_Request" name="deleteUser" time="0.354"/>
  <system-out/>
</testsuite> <!-- apiTest.Http_Request -->
