<?xml version="1.0" encoding="UTF-8"?>
<!-- Generated by org.testng.reporters.JUnitReportReporter -->
<testsuite hostname="DESKTOP-FV7QQA3" failures="0" tests="6" name="api.test.DDTests" time="6.798" errors="0" timestamp="2024-04-16T18:54:25 IST" skipped="0">
  <testcase classname="api.test.DDTests" name="testPostuser" time="1.149"/>
  <system-out/>
  <testcase classname="api.test.DDTests" name="testPostuser" time="1.127"/>
  <system-out/>
  <testcase classname="api.test.DDTests" name="testPostuser" time="1.116"/>
  <system-out/>
  <testcase classname="api.test.DDTests" name="testDeleteUserByName" time="1.161"/>
  <system-out/>
  <testcase classname="api.test.DDTests" name="testDeleteUserByName" time="1.141"/>
  <system-out/>
  <testcase classname="api.test.DDTests" name="testDeleteUserByName" time="1.104"/>
  <system-out/>
</testsuite> <!-- api.test.DDTests -->
