<?xml version="1.0" encoding="UTF-8"?>
<!-- Generated by org.testng.reporters.JUnitReportReporter -->
<testsuite hostname="DESKTOP-FV7QQA3" failures="0" tests="4" name="api.test.UserTests" time="8.515" errors="0" timestamp="2024-04-22T19:26:44 IST" skipped="0">
  <testcase classname="api.test.UserTests" name="testPostUser" time="3.768"/>
  <system-out/>
  <testcase classname="api.test.UserTests" name="testGetUserByName" time="1.201"/>
  <system-out/>
  <testcase classname="api.test.UserTests" name="testUpdateUserByName" time="2.340"/>
  <system-out/>
  <testcase classname="api.test.UserTests" name="testDeleteUserByName" time="1.206"/>
  <system-out/>
</testsuite> <!-- api.test.UserTests -->
