<?xml version="1.0" encoding="UTF-8"?>
<!-- Generated by org.testng.reporters.JUnitReportReporter -->
<testsuite hostname="DESKTOP-FV7QQA3" failures="0" tests="6" name="api.test.DDTests" time="7.072" errors="0" timestamp="2024-04-22T19:26:44 IST" skipped="0">
  <testcase classname="api.test.DDTests" name="testPostuser" time="1.181"/>
  <system-out/>
  <testcase classname="api.test.DDTests" name="testPostuser" time="1.154"/>
  <system-out/>
  <testcase classname="api.test.DDTests" name="testPostuser" time="1.190"/>
  <system-out/>
  <testcase classname="api.test.DDTests" name="testDeleteUserByName" time="1.208"/>
  <system-out/>
  <testcase classname="api.test.DDTests" name="testDeleteUserByName" time="1.124"/>
  <system-out/>
  <testcase classname="api.test.DDTests" name="testDeleteUserByName" time="1.215"/>
  <system-out/>
</testsuite> <!-- api.test.DDTests -->
