<?xml version="1.0" encoding="UTF-8"?>
<!-- Generated by org.testng.reporters.JUnitReportReporter -->
<testsuite hostname="DESKTOP-FV7QQA3" failures="0" tests="6" name="api.test.DDTests" time="6.732" errors="0" timestamp="2024-04-24T17:43:26 IST" skipped="0">
  <testcase classname="api.test.DDTests" name="testPostuser" time="1.136"/>
  <system-out/>
  <testcase classname="api.test.DDTests" name="testPostuser" time="1.127"/>
  <system-out/>
  <testcase classname="api.test.DDTests" name="testPostuser" time="1.092"/>
  <system-out/>
  <testcase classname="api.test.DDTests" name="testDeleteUserByName" time="1.124"/>
  <system-out/>
  <testcase classname="api.test.DDTests" name="testDeleteUserByName" time="1.147"/>
  <system-out/>
  <testcase classname="api.test.DDTests" name="testDeleteUserByName" time="1.106"/>
  <system-out/>
</testsuite> <!-- api.test.DDTests -->
