<?xml version="1.0" encoding="UTF-8"?>
<!-- Generated by org.testng.reporters.JUnitReportReporter -->
<testsuite hostname="DESKTOP-FV7QQA3" failures="0" tests="4" name="api.test.UserTests" time="7.165" errors="0" timestamp="2024-04-23T20:10:52 IST" skipped="0">
  <testcase classname="api.test.UserTests" name="testPostUser" time="2.784"/>
  <system-out/>
  <testcase classname="api.test.UserTests" name="testGetUserByName" time="1.147"/>
  <system-out/>
  <testcase classname="api.test.UserTests" name="testUpdateUserByName" time="2.130"/>
  <system-out/>
  <testcase classname="api.test.UserTests" name="testDeleteUserByName" time="1.104"/>
  <system-out/>
</testsuite> <!-- api.test.UserTests -->
