<?xml version="1.0" encoding="UTF-8"?>
<!-- Generated by org.testng.reporters.JUnitReportReporter -->
<testsuite hostname="DESKTOP-FV7QQA3" failures="0" tests="4" name="api.test.UserTests2" time="5.445" errors="0" timestamp="2024-04-23T20:10:52 IST" skipped="0">
  <testcase classname="api.test.UserTests2" name="testPostUser" time="1.105"/>
  <system-out/>
  <testcase classname="api.test.UserTests2" name="testGetUserByName" time="1.079"/>
  <system-out/>
  <testcase classname="api.test.UserTests2" name="testUpdateUserByName" time="2.203"/>
  <system-out/>
  <testcase classname="api.test.UserTests2" name="testDeleteUserByName" time="1.058"/>
  <system-out/>
</testsuite> <!-- api.test.UserTests2 -->
