<?xml version="1.0" encoding="UTF-8"?>
<!-- Generated by org.testng.reporters.JUnitReportReporter -->
<testsuite hostname="DESKTOP-FV7QQA3" failures="0" tests="1" name="apiTest.CookiesdDemo" time="2.331" errors="0" timestamp="2024-04-23T17:30:07 IST" skipped="0">
  <testcase classname="apiTest.CookiesdDemo" name="testCookies" time="2.331"/>
  <system-out/>
</testsuite> <!-- apiTest.CookiesdDemo -->
