<?xml version="1.0" encoding="UTF-8"?>
<!-- Generated by org.testng.reporters.JUnitReportReporter -->
<testsuite hostname="DESKTOP-FV7QQA3" failures="0" tests="1" name="apiTest.LoggDemo" time="2.099" errors="0" timestamp="2024-04-18T17:17:08 IST" skipped="0">
  <testcase classname="apiTest.LoggDemo" name="getLogg" time="2.099"/>
  <system-out/>
</testsuite> <!-- apiTest.LoggDemo -->
