<?xml version="1.0" encoding="UTF-8"?>
<!-- Generated by org.testng.reporters.JUnitReportReporter -->
<testsuite hostname="DESKTOP-FV7QQA3" failures="0" tests="1" name="apiTest.CookiesdDemo" time="2.597" errors="0" timestamp="2024-04-19T15:04:41 IST" skipped="0">
  <testcase classname="apiTest.CookiesdDemo" name="testCookies" time="2.597"/>
  <system-out/>
</testsuite> <!-- apiTest.CookiesdDemo -->
