<?xml version="1.0" encoding="UTF-8"?>
<!-- Generated by org.testng.reporters.JUnitReportReporter -->
<testsuite hostname="DESKTOP-FV7QQA3" failures="0" tests="4" name="api.test.UserTests" time="7.947" errors="0" timestamp="2024-04-24T17:43:26 IST" skipped="0">
  <testcase classname="api.test.UserTests" name="testPostUser" time="3.328"/>
  <system-out/>
  <testcase classname="api.test.UserTests" name="testGetUserByName" time="1.187"/>
  <system-out/>
  <testcase classname="api.test.UserTests" name="testUpdateUserByName" time="2.296"/>
  <system-out/>
  <testcase classname="api.test.UserTests" name="testDeleteUserByName" time="1.136"/>
  <system-out/>
</testsuite> <!-- api.test.UserTests -->
