<?xml version="1.0" encoding="UTF-8"?>
<!-- Generated by org.testng.reporters.JUnitReportReporter -->
<testsuite hostname="DESKTOP-FV7QQA3" failures="0" tests="4" name="api.test.UserTests2" time="5.720" errors="0" timestamp="2024-04-24T17:12:57 IST" skipped="0">
  <testcase classname="api.test.UserTests2" name="testPostUser" time="1.168"/>
  <system-out/>
  <testcase classname="api.test.UserTests2" name="testGetUserByName" time="1.131"/>
  <system-out/>
  <testcase classname="api.test.UserTests2" name="testUpdateUserByName" time="2.257"/>
  <system-out/>
  <testcase classname="api.test.UserTests2" name="testDeleteUserByName" time="1.164"/>
  <system-out/>
</testsuite> <!-- api.test.UserTests2 -->
