<?xml version="1.0" encoding="UTF-8"?>
<!-- Generated by org.testng.reporters.JUnitReportReporter -->
<testsuite hostname="DESKTOP-FV7QQA3" failures="0" tests="1" name="chaining.Createuser" time="2.541" errors="0" timestamp="2024-04-23T17:14:45 IST" skipped="0">
  <testcase classname="chaining.Createuser" name="test_CreateUser" time="2.541"/>
  <system-out/>
</testsuite> <!-- chaining.Createuser -->
