<?xml version="1.0" encoding="UTF-8"?>
<!-- Generated by org.testng.reporters.JUnitReportReporter -->
<testsuite hostname="DESKTOP-FV7QQA3" failures="0" tests="4" name="api.test.UserTests" time="7.938" errors="0" timestamp="2024-04-16T18:54:25 IST" skipped="0">
  <testcase classname="api.test.UserTests" name="testPostUser" time="3.366"/>
  <system-out/>
  <testcase classname="api.test.UserTests" name="testGetUserByName" time="1.190"/>
  <system-out/>
  <testcase classname="api.test.UserTests" name="testUpdateUserByName" time="2.250"/>
  <system-out/>
  <testcase classname="api.test.UserTests" name="testDeleteUserByName" time="1.132"/>
  <system-out/>
</testsuite> <!-- api.test.UserTests -->
