<?xml version="1.0" encoding="UTF-8"?>
<!-- Generated by org.testng.reporters.JUnitReportReporter -->
<testsuite hostname="DESKTOP-FV7QQA3" failures="0" tests="1" name="chaining.UpdateUser" time="0.473" errors="0" timestamp="2024-04-19T16:25:26 IST" skipped="0">
  <testcase classname="chaining.UpdateUser" name="test_updateUser" time="0.473"/>
  <system-out/>
</testsuite> <!-- chaining.UpdateUser -->
