<?xml version="1.0" encoding="UTF-8"?>
<!-- Generated by org.testng.reporters.JUnitReportReporter -->
<testsuite hostname="DESKTOP-FV7QQA3" failures="0" tests="6" name="api.test.DDTests" time="6.447" errors="0" timestamp="2024-04-23T20:10:52 IST" skipped="0">
  <testcase classname="api.test.DDTests" name="testPostuser" time="1.097"/>
  <system-out/>
  <testcase classname="api.test.DDTests" name="testPostuser" time="1.069"/>
  <system-out/>
  <testcase classname="api.test.DDTests" name="testPostuser" time="1.066"/>
  <system-out/>
  <testcase classname="api.test.DDTests" name="testDeleteUserByName" time="1.075"/>
  <system-out/>
  <testcase classname="api.test.DDTests" name="testDeleteUserByName" time="1.067"/>
  <system-out/>
  <testcase classname="api.test.DDTests" name="testDeleteUserByName" time="1.073"/>
  <system-out/>
</testsuite> <!-- api.test.DDTests -->
