<?xml version="1.0" encoding="UTF-8"?>
<!-- Generated by org.testng.reporters.JUnitReportReporter -->
<testsuite hostname="DESKTOP-FV7QQA3" failures="0" tests="4" name="api.test.UserTests2" time="6.023" errors="0" timestamp="2024-04-22T19:26:44 IST" skipped="0">
  <testcase classname="api.test.UserTests2" name="testPostUser" time="1.199"/>
  <system-out/>
  <testcase classname="api.test.UserTests2" name="testGetUserByName" time="1.210"/>
  <system-out/>
  <testcase classname="api.test.UserTests2" name="testUpdateUserByName" time="2.409"/>
  <system-out/>
  <testcase classname="api.test.UserTests2" name="testDeleteUserByName" time="1.205"/>
  <system-out/>
</testsuite> <!-- api.test.UserTests2 -->
