<?xml version="1.0" encoding="UTF-8"?>
<!-- Generated by org.testng.reporters.JUnitReportReporter -->
<testsuite hostname="DESKTOP-FV7QQA3" failures="0" tests="1" name="apiTest.HeadersDemo" time="2.235" errors="0" timestamp="2024-04-18T17:11:29 IST" skipped="0">
  <testcase classname="apiTest.HeadersDemo" name="testHeaders" time="2.235"/>
  <system-out/>
</testsuite> <!-- apiTest.HeadersDemo -->
